2020-07-02 13:01:13,228 - ResourceCache : initialized. (class org.apache.velocity.runtime.resource.ResourceCacheImpl)
2020-07-02 13:01:13,228 - Default ResourceManager initialization complete.
2020-07-02 13:01:13,229 - Loaded System Directive: org.apache.velocity.runtime.directive.Literal
2020-07-02 13:01:13,230 - Loaded System Directive: org.apache.velocity.runtime.directive.Macro
2020-07-02 13:01:13,231 - Loaded System Directive: org.apache.velocity.runtime.directive.Parse
2020-07-02 13:01:13,232 - Loaded System Directive: org.apache.velocity.runtime.directive.Include
2020-07-02 13:01:13,233 - Loaded System Directive: org.apache.velocity.runtime.directive.Foreach
2020-07-02 13:01:13,258 - Created: 20 parsers.
2020-07-02 13:01:13,261 - Velocimacro : initialization starting.
2020-07-02 13:01:13,262 - Velocimacro : adding VMs from VM library template : VM_global_library.vm
2020-07-02 13:01:13,263 - ResourceManager : unable to find resource 'VM_global_library.vm' in any resource loader.
2020-07-02 13:01:13,264 - Velocimacro : error using  VM library template VM_global_library.vm : org.apache.velocity.exception.ResourceNotFoundException: Unable to find resource 'VM_global_library.vm'
2020-07-02 13:01:13,264 - Velocimacro :  VM library template macro registration complete.
2020-07-02 13:01:13,264 - Velocimacro : allowInline = true : VMs can be defined inline in templates
2020-07-02 13:01:13,264 - Velocimacro : allowInlineToOverride = false : VMs defined inline may NOT replace previous VM definitions
2020-07-02 13:01:13,264 - Velocimacro : allowInlineLocal = false : VMs defined inline will be  global in scope if allowed.
2020-07-02 13:01:13,264 - Velocimacro : messages on  : VM system will output logging messages
2020-07-02 13:01:13,264 - Velocimacro : autoload off  : VM system will not automatically reload global library macros
2020-07-02 13:01:13,264 - Velocimacro : initialization complete.
2020-07-02 13:01:13,264 - Velocity successfully started.
2020-07-02 13:03:34,821 - SimpleLog4JLogSystem initialized using logfile 'velocity.log'
2020-07-02 13:03:34,821 - ************************************************************** 
2020-07-02 13:03:34,821 - Starting Jakarta Velocity v1.4
2020-07-02 13:03:34,821 - RuntimeInstance initializing.
2020-07-02 13:03:34,821 - Default Properties File: org/apache/velocity/runtime/defaults/velocity.properties
2020-07-02 13:03:34,821 - Trying to use logger class org.apache.velocity.runtime.log.SimpleLog4JLogSystem
2020-07-02 13:03:34,821 - Using logger class org.apache.velocity.runtime.log.SimpleLog4JLogSystem
2020-07-02 13:03:34,823 - Default ResourceManager initializing. (class org.apache.velocity.runtime.resource.ResourceManagerImpl)
2020-07-02 13:03:34,824 - Resource Loader Instantiated: org.apache.velocity.runtime.resource.loader.ClasspathResourceLoader
2020-07-02 13:03:34,824 - ClasspathResourceLoader : initialization starting.
2020-07-02 13:03:34,824 - ClasspathResourceLoader : initialization complete.
2020-07-02 13:03:34,825 - ResourceCache : initialized. (class org.apache.velocity.runtime.resource.ResourceCacheImpl)
2020-07-02 13:03:34,825 - Default ResourceManager initialization complete.
2020-07-02 13:03:34,826 - Loaded System Directive: org.apache.velocity.runtime.directive.Literal
2020-07-02 13:03:34,827 - Loaded System Directive: org.apache.velocity.runtime.directive.Macro
2020-07-02 13:03:34,828 - Loaded System Directive: org.apache.velocity.runtime.directive.Parse
2020-07-02 13:03:34,828 - Loaded System Directive: org.apache.velocity.runtime.directive.Include
2020-07-02 13:03:34,829 - Loaded System Directive: org.apache.velocity.runtime.directive.Foreach
2020-07-02 13:03:34,849 - Created: 20 parsers.
2020-07-02 13:03:34,852 - Velocimacro : initialization starting.
2020-07-02 13:03:34,852 - Velocimacro : adding VMs from VM library template : VM_global_library.vm
2020-07-02 13:03:34,853 - ResourceManager : unable to find resource 'VM_global_library.vm' in any resource loader.
2020-07-02 13:03:34,853 - Velocimacro : error using  VM library template VM_global_library.vm : org.apache.velocity.exception.ResourceNotFoundException: Unable to find resource 'VM_global_library.vm'
2020-07-02 13:03:34,854 - Velocimacro :  VM library template macro registration complete.
2020-07-02 13:03:34,854 - Velocimacro : allowInline = true : VMs can be defined inline in templates
2020-07-02 13:03:34,854 - Velocimacro : allowInlineToOverride = false : VMs defined inline may NOT replace previous VM definitions
2020-07-02 13:03:34,854 - Velocimacro : allowInlineLocal = false : VMs defined inline will be  global in scope if allowed.
2020-07-02 13:03:34,854 - Velocimacro : messages on  : VM system will output logging messages
2020-07-02 13:03:34,854 - Velocimacro : autoload off  : VM system will not automatically reload global library macros
2020-07-02 13:03:34,854 - Velocimacro : initialization complete.
2020-07-02 13:03:34,854 - Velocity successfully started.
2020-07-02 13:03:59,363 - SimpleLog4JLogSystem initialized using logfile 'velocity.log'
2020-07-02 13:03:59,364 - ************************************************************** 
2020-07-02 13:03:59,364 - Starting Jakarta Velocity v1.4
2020-07-02 13:03:59,364 - RuntimeInstance initializing.
2020-07-02 13:03:59,364 - Default Properties File: org/apache/velocity/runtime/defaults/velocity.properties
2020-07-02 13:03:59,364 - Trying to use logger class org.apache.velocity.runtime.log.SimpleLog4JLogSystem
2020-07-02 13:03:59,364 - Using logger class org.apache.velocity.runtime.log.SimpleLog4JLogSystem
2020-07-02 13:03:59,365 - Default ResourceManager initializing. (class org.apache.velocity.runtime.resource.ResourceManagerImpl)
2020-07-02 13:03:59,366 - Resource Loader Instantiated: org.apache.velocity.runtime.resource.loader.ClasspathResourceLoader
2020-07-02 13:03:59,367 - ClasspathResourceLoader : initialization starting.
2020-07-02 13:03:59,367 - ClasspathResourceLoader : initialization complete.
2020-07-02 13:03:59,367 - ResourceCache : initialized. (class org.apache.velocity.runtime.resource.ResourceCacheImpl)
2020-07-02 13:03:59,367 - Default ResourceManager initialization complete.
2020-07-02 13:03:59,368 - Loaded System Directive: org.apache.velocity.runtime.directive.Literal
2020-07-02 13:03:59,369 - Loaded System Directive: org.apache.velocity.runtime.directive.Macro
2020-07-02 13:03:59,370 - Loaded System Directive: org.apache.velocity.runtime.directive.Parse
2020-07-02 13:03:59,371 - Loaded System Directive: org.apache.velocity.runtime.directive.Include
2020-07-02 13:03:59,371 - Loaded System Directive: org.apache.velocity.runtime.directive.Foreach
2020-07-02 13:03:59,392 - Created: 20 parsers.
2020-07-02 13:03:59,394 - Velocimacro : initialization starting.
2020-07-02 13:03:59,394 - Velocimacro : adding VMs from VM library template : VM_global_library.vm
2020-07-02 13:03:59,396 - ResourceManager : unable to find resource 'VM_global_library.vm' in any resource loader.
2020-07-02 13:03:59,396 - Velocimacro : error using  VM library template VM_global_library.vm : org.apache.velocity.exception.ResourceNotFoundException: Unable to find resource 'VM_global_library.vm'
2020-07-02 13:03:59,396 - Velocimacro :  VM library template macro registration complete.
2020-07-02 13:03:59,396 - Velocimacro : allowInline = true : VMs can be defined inline in templates
2020-07-02 13:03:59,396 - Velocimacro : allowInlineToOverride = false : VMs defined inline may NOT replace previous VM definitions
2020-07-02 13:03:59,396 - Velocimacro : allowInlineLocal = false : VMs defined inline will be  global in scope if allowed.
2020-07-02 13:03:59,396 - Velocimacro : messages on  : VM system will output logging messages
2020-07-02 13:03:59,396 - Velocimacro : autoload off  : VM system will not automatically reload global library macros
2020-07-02 13:03:59,396 - Velocimacro : initialization complete.
2020-07-02 13:03:59,396 - Velocity successfully started.
2020-07-02 13:04:38,594 - SimpleLog4JLogSystem initialized using logfile 'velocity.log'
2020-07-02 13:04:38,595 - ************************************************************** 
2020-07-02 13:04:38,595 - Starting Jakarta Velocity v1.4
2020-07-02 13:04:38,595 - RuntimeInstance initializing.
2020-07-02 13:04:38,595 - Default Properties File: org/apache/velocity/runtime/defaults/velocity.properties
2020-07-02 13:04:38,595 - Trying to use logger class org.apache.velocity.runtime.log.SimpleLog4JLogSystem
2020-07-02 13:04:38,595 - Using logger class org.apache.velocity.runtime.log.SimpleLog4JLogSystem
2020-07-02 13:04:38,597 - Default ResourceManager initializing. (class org.apache.velocity.runtime.resource.ResourceManagerImpl)
2020-07-02 13:04:38,598 - Resource Loader Instantiated: org.apache.velocity.runtime.resource.loader.ClasspathResourceLoader
2020-07-02 13:04:38,598 - ClasspathResourceLoader : initialization starting.
2020-07-02 13:04:38,598 - ClasspathResourceLoader : initialization complete.
2020-07-02 13:04:38,599 - ResourceCache : initialized. (class org.apache.velocity.runtime.resource.ResourceCacheImpl)
2020-07-02 13:04:38,599 - Default ResourceManager initialization complete.
2020-07-02 13:04:38,599 - Loaded System Directive: org.apache.velocity.runtime.directive.Literal
2020-07-02 13:04:38,600 - Loaded System Directive: org.apache.velocity.runtime.directive.Macro
2020-07-02 13:04:38,602 - Loaded System Directive: org.apache.velocity.runtime.directive.Parse
2020-07-02 13:04:38,603 - Loaded System Directive: org.apache.velocity.runtime.directive.Include
2020-07-02 13:04:38,603 - Loaded System Directive: org.apache.velocity.runtime.directive.Foreach
2020-07-02 13:04:38,626 - Created: 20 parsers.
2020-07-02 13:04:38,628 - Velocimacro : initialization starting.
2020-07-02 13:04:38,628 - Velocimacro : adding VMs from VM library template : VM_global_library.vm
2020-07-02 13:04:38,630 - ResourceManager : unable to find resource 'VM_global_library.vm' in any resource loader.
2020-07-02 13:04:38,630 - Velocimacro : error using  VM library template VM_global_library.vm : org.apache.velocity.exception.ResourceNotFoundException: Unable to find resource 'VM_global_library.vm'
2020-07-02 13:04:38,630 - Velocimacro :  VM library template macro registration complete.
2020-07-02 13:04:38,630 - Velocimacro : allowInline = true : VMs can be defined inline in templates
2020-07-02 13:04:38,630 - Velocimacro : allowInlineToOverride = false : VMs defined inline may NOT replace previous VM definitions
2020-07-02 13:04:38,630 - Velocimacro : allowInlineLocal = false : VMs defined inline will be  global in scope if allowed.
2020-07-02 13:04:38,630 - Velocimacro : messages on  : VM system will output logging messages
2020-07-02 13:04:38,630 - Velocimacro : autoload off  : VM system will not automatically reload global library macros
2020-07-02 13:04:38,630 - Velocimacro : initialization complete.
2020-07-02 13:04:38,630 - Velocity successfully started.
2020-07-02 13:06:48,977 - SimpleLog4JLogSystem initialized using logfile 'velocity.log'
2020-07-02 13:06:48,978 - ************************************************************** 
2020-07-02 13:06:48,978 - Starting Jakarta Velocity v1.4
2020-07-02 13:06:48,978 - RuntimeInstance initializing.
2020-07-02 13:06:48,978 - Default Properties File: org/apache/velocity/runtime/defaults/velocity.properties
2020-07-02 13:06:48,978 - Trying to use logger class org.apache.velocity.runtime.log.SimpleLog4JLogSystem
2020-07-02 13:06:48,978 - Using logger class org.apache.velocity.runtime.log.SimpleLog4JLogSystem
2020-07-02 13:06:48,979 - Default ResourceManager initializing. (class org.apache.velocity.runtime.resource.ResourceManagerImpl)
2020-07-02 13:06:48,981 - Resource Loader Instantiated: org.apache.velocity.runtime.resource.loader.ClasspathResourceLoader
2020-07-02 13:06:48,981 - ClasspathResourceLoader : initialization starting.
2020-07-02 13:06:48,981 - ClasspathResourceLoader : initialization complete.
2020-07-02 13:06:48,981 - ResourceCache : initialized. (class org.apache.velocity.runtime.resource.ResourceCacheImpl)
2020-07-02 13:06:48,981 - Default ResourceManager initialization complete.
2020-07-02 13:06:48,982 - Loaded System Directive: org.apache.velocity.runtime.directive.Literal
2020-07-02 13:06:48,983 - Loaded System Directive: org.apache.velocity.runtime.directive.Macro
2020-07-02 13:06:48,984 - Loaded System Directive: org.apache.velocity.runtime.directive.Parse
2020-07-02 13:06:48,985 - Loaded System Directive: org.apache.velocity.runtime.directive.Include
2020-07-02 13:06:48,986 - Loaded System Directive: org.apache.velocity.runtime.directive.Foreach
2020-07-02 13:06:49,008 - Created: 20 parsers.
2020-07-02 13:06:49,010 - Velocimacro : initialization starting.
2020-07-02 13:06:49,010 - Velocimacro : adding VMs from VM library template : VM_global_library.vm
2020-07-02 13:06:49,012 - ResourceManager : unable to find resource 'VM_global_library.vm' in any resource loader.
2020-07-02 13:06:49,012 - Velocimacro : error using  VM library template VM_global_library.vm : org.apache.velocity.exception.ResourceNotFoundException: Unable to find resource 'VM_global_library.vm'
2020-07-02 13:06:49,012 - Velocimacro :  VM library template macro registration complete.
2020-07-02 13:06:49,012 - Velocimacro : allowInline = true : VMs can be defined inline in templates
2020-07-02 13:06:49,012 - Velocimacro : allowInlineToOverride = false : VMs defined inline may NOT replace previous VM definitions
2020-07-02 13:06:49,012 - Velocimacro : allowInlineLocal = false : VMs defined inline will be  global in scope if allowed.
2020-07-02 13:06:49,012 - Velocimacro : messages on  : VM system will output logging messages
2020-07-02 13:06:49,012 - Velocimacro : autoload off  : VM system will not automatically reload global library macros
2020-07-02 13:06:49,012 - Velocimacro : initialization complete.
2020-07-02 13:06:49,012 - Velocity successfully started.
2020-07-02 13:07:57,268 - SimpleLog4JLogSystem initialized using logfile 'velocity.log'
2020-07-02 13:07:57,268 - ************************************************************** 
2020-07-02 13:07:57,268 - Starting Jakarta Velocity v1.4
2020-07-02 13:07:57,268 - RuntimeInstance initializing.
2020-07-02 13:07:57,268 - Default Properties File: org/apache/velocity/runtime/defaults/velocity.properties
2020-07-02 13:07:57,269 - Trying to use logger class org.apache.velocity.runtime.log.SimpleLog4JLogSystem
2020-07-02 13:07:57,269 - Using logger class org.apache.velocity.runtime.log.SimpleLog4JLogSystem
2020-07-02 13:07:57,270 - Default ResourceManager initializing. (class org.apache.velocity.runtime.resource.ResourceManagerImpl)
2020-07-02 13:07:57,272 - Resource Loader Instantiated: org.apache.velocity.runtime.resource.loader.ClasspathResourceLoader
2020-07-02 13:07:57,272 - ClasspathResourceLoader : initialization starting.
2020-07-02 13:07:57,272 - ClasspathResourceLoader : initialization complete.
2020-07-02 13:07:57,272 - ResourceCache : initialized. (class org.apache.velocity.runtime.resource.ResourceCacheImpl)
2020-07-02 13:07:57,272 - Default ResourceManager initialization complete.
2020-07-02 13:07:57,273 - Loaded System Directive: org.apache.velocity.runtime.directive.Literal
2020-07-02 13:07:57,274 - Loaded System Directive: org.apache.velocity.runtime.directive.Macro
2020-07-02 13:07:57,275 - Loaded System Directive: org.apache.velocity.runtime.directive.Parse
2020-07-02 13:07:57,276 - Loaded System Directive: org.apache.velocity.runtime.directive.Include
2020-07-02 13:07:57,277 - Loaded System Directive: org.apache.velocity.runtime.directive.Foreach
2020-07-02 13:07:57,300 - Created: 20 parsers.
2020-07-02 13:07:57,303 - Velocimacro : initialization starting.
2020-07-02 13:07:57,304 - Velocimacro : adding VMs from VM library template : VM_global_library.vm
2020-07-02 13:07:57,305 - ResourceManager : unable to find resource 'VM_global_library.vm' in any resource loader.
2020-07-02 13:07:57,305 - Velocimacro : error using  VM library template VM_global_library.vm : org.apache.velocity.exception.ResourceNotFoundException: Unable to find resource 'VM_global_library.vm'
2020-07-02 13:07:57,305 - Velocimacro :  VM library template macro registration complete.
2020-07-02 13:07:57,305 - Velocimacro : allowInline = true : VMs can be defined inline in templates
2020-07-02 13:07:57,305 - Velocimacro : allowInlineToOverride = false : VMs defined inline may NOT replace previous VM definitions
2020-07-02 13:07:57,305 - Velocimacro : allowInlineLocal = false : VMs defined inline will be  global in scope if allowed.
2020-07-02 13:07:57,305 - Velocimacro : messages on  : VM system will output logging messages
2020-07-02 13:07:57,305 - Velocimacro : autoload off  : VM system will not automatically reload global library macros
2020-07-02 13:07:57,306 - Velocimacro : initialization complete.
2020-07-02 13:07:57,306 - Velocity successfully started.
2020-07-02 13:08:20,214 - SimpleLog4JLogSystem initialized using logfile 'velocity.log'
2020-07-02 13:08:20,214 - ************************************************************** 
2020-07-02 13:08:20,214 - Starting Jakarta Velocity v1.4
2020-07-02 13:08:20,214 - RuntimeInstance initializing.
2020-07-02 13:08:20,214 - Default Properties File: org/apache/velocity/runtime/defaults/velocity.properties
2020-07-02 13:08:20,214 - Trying to use logger class org.apache.velocity.runtime.log.SimpleLog4JLogSystem
2020-07-02 13:08:20,214 - Using logger class org.apache.velocity.runtime.log.SimpleLog4JLogSystem
2020-07-02 13:08:20,216 - Default ResourceManager initializing. (class org.apache.velocity.runtime.resource.ResourceManagerImpl)
2020-07-02 13:08:20,217 - Resource Loader Instantiated: org.apache.velocity.runtime.resource.loader.ClasspathResourceLoader
2020-07-02 13:08:20,217 - ClasspathResourceLoader : initialization starting.
2020-07-02 13:08:20,217 - ClasspathResourceLoader : initialization complete.
2020-07-02 13:08:20,217 - ResourceCache : initialized. (class org.apache.velocity.runtime.resource.ResourceCacheImpl)
2020-07-02 13:08:20,218 - Default ResourceManager initialization complete.
2020-07-02 13:08:20,218 - Loaded System Directive: org.apache.velocity.runtime.directive.Literal
2020-07-02 13:08:20,219 - Loaded System Directive: org.apache.velocity.runtime.directive.Macro
2020-07-02 13:08:20,220 - Loaded System Directive: org.apache.velocity.runtime.directive.Parse
2020-07-02 13:08:20,221 - Loaded System Directive: org.apache.velocity.runtime.directive.Include
2020-07-02 13:08:20,222 - Loaded System Directive: org.apache.velocity.runtime.directive.Foreach
2020-07-02 13:08:20,244 - Created: 20 parsers.
2020-07-02 13:08:20,246 - Velocimacro : initialization starting.
2020-07-02 13:08:20,246 - Velocimacro : adding VMs from VM library template : VM_global_library.vm
2020-07-02 13:08:20,248 - ResourceManager : unable to find resource 'VM_global_library.vm' in any resource loader.
2020-07-02 13:08:20,248 - Velocimacro : error using  VM library template VM_global_library.vm : org.apache.velocity.exception.ResourceNotFoundException: Unable to find resource 'VM_global_library.vm'
2020-07-02 13:08:20,248 - Velocimacro :  VM library template macro registration complete.
2020-07-02 13:08:20,248 - Velocimacro : allowInline = true : VMs can be defined inline in templates
2020-07-02 13:08:20,248 - Velocimacro : allowInlineToOverride = false : VMs defined inline may NOT replace previous VM definitions
2020-07-02 13:08:20,248 - Velocimacro : allowInlineLocal = false : VMs defined inline will be  global in scope if allowed.
2020-07-02 13:08:20,248 - Velocimacro : messages on  : VM system will output logging messages
2020-07-02 13:08:20,248 - Velocimacro : autoload off  : VM system will not automatically reload global library macros
2020-07-02 13:08:20,248 - Velocimacro : initialization complete.
2020-07-02 13:08:20,248 - Velocity successfully started.
